2020-08-01 01:14:50.720  INFO 18600 --- [main] com.yw.blog.BlogApplicationTests         : Starting BlogApplicationTests on WINDOWS-BT0DSBF with PID 18600 (started by ycele in E:\tmp\blog)
2020-08-01 01:14:50.734  INFO 18600 --- [main] com.yw.blog.BlogApplicationTests         : The following profiles are active: pro
2020-08-01 01:14:58.793  WARN 18600 --- [main] JpaBaseConfiguration$JpaWebConfiguration : spring.jpa.open-in-view is enabled by default. Therefore, database queries may be performed during view rendering. Explicitly configure spring.jpa.open-in-view to disable this warning
2020-08-01 01:15:09.839  INFO 18600 --- [main] com.yw.blog.BlogApplicationTests         : Started BlogApplicationTests in 20.426 seconds (JVM running for 23.276)
2020-08-01 02:07:03.887  INFO 6348 --- [main] com.yw.blog.BlogApplicationTests         : Starting BlogApplicationTests on WINDOWS-BT0DSBF with PID 6348 (started by ycele in E:\tmp\blog)
2020-08-01 02:07:03.889  INFO 6348 --- [main] com.yw.blog.BlogApplicationTests         : The following profiles are active: pro
2020-08-01 02:07:11.433  WARN 6348 --- [main] JpaBaseConfiguration$JpaWebConfiguration : spring.jpa.open-in-view is enabled by default. Therefore, database queries may be performed during view rendering. Explicitly configure spring.jpa.open-in-view to disable this warning
2020-08-01 02:07:28.779  INFO 6348 --- [main] com.yw.blog.BlogApplicationTests         : Started BlogApplicationTests in 26.072 seconds (JVM running for 29.378)
2020-08-01 02:09:24.682  INFO 10624 --- [main] com.yw.blog.BlogApplicationTests         : Starting BlogApplicationTests on WINDOWS-BT0DSBF with PID 10624 (started by ycele in E:\tmp\blog)
2020-08-01 02:09:24.687  INFO 10624 --- [main] com.yw.blog.BlogApplicationTests         : The following profiles are active: pro
2020-08-01 02:09:32.551  WARN 10624 --- [main] JpaBaseConfiguration$JpaWebConfiguration : spring.jpa.open-in-view is enabled by default. Therefore, database queries may be performed during view rendering. Explicitly configure spring.jpa.open-in-view to disable this warning
2020-08-01 02:09:49.111  INFO 10624 --- [main] com.yw.blog.BlogApplicationTests         : Started BlogApplicationTests in 26.136 seconds (JVM running for 29.461)
2020-08-01 11:53:03.525  INFO 14424 --- [main] com.yw.blog.BlogApplicationTests         : Starting BlogApplicationTests on WINDOWS-BT0DSBF with PID 14424 (started by ycele in E:\tmp\blog)
2020-08-01 11:53:03.525  INFO 14424 --- [main] com.yw.blog.BlogApplicationTests         : The following profiles are active: pro
2020-08-01 11:53:09.343  WARN 14424 --- [main] JpaBaseConfiguration$JpaWebConfiguration : spring.jpa.open-in-view is enabled by default. Therefore, database queries may be performed during view rendering. Explicitly configure spring.jpa.open-in-view to disable this warning
2020-08-01 11:53:20.169  INFO 14424 --- [main] com.yw.blog.BlogApplicationTests         : Started BlogApplicationTests in 17.66 seconds (JVM running for 19.656)
2020-08-01 15:07:15.115  INFO 19448 --- [restartedMain] com.yw.blog.BlogApplication              : Starting BlogApplication on WINDOWS-BT0DSBF with PID 19448 (E:\tmp\blog\target\classes started by ycele in E:\tmp\blog)
2020-08-01 15:07:15.117  INFO 19448 --- [restartedMain] com.yw.blog.BlogApplication              : The following profiles are active: pro
2020-08-01 15:07:18.909  WARN 19448 --- [restartedMain] JpaBaseConfiguration$JpaWebConfiguration : spring.jpa.open-in-view is enabled by default. Therefore, database queries may be performed during view rendering. Explicitly configure spring.jpa.open-in-view to disable this warning
2020-08-01 15:07:22.603  INFO 19448 --- [restartedMain] com.yw.blog.BlogApplication              : Started BlogApplication in 8.811 seconds (JVM running for 11.71)
2020-08-01 15:07:23.192  INFO 19448 --- [http-nio-8081-exec-1] com.yw.blog.aspect.LogAspect             : Request:RequestLog{url='http://localhost:8081/', ip='0:0:0:0:0:0:0:1', classMethod='com.yw.blog.web.IndexController.index', args=[Page request [number: 0, size 5, sort: updateTime: DESC], {}]}
2020-08-01 15:07:23.369  WARN 19448 --- [http-nio-8081-exec-1] org.hibernate.orm.deprecation            : HHH90000016: Found use of deprecated 'collection property' syntax in HQL/JPQL query [t.blogs.size]; use collection function syntax instead [size(t.blogs)].
2020-08-01 15:07:23.383  WARN 19448 --- [http-nio-8081-exec-1] org.hibernate.orm.deprecation            : HHH90000016: Found use of deprecated 'collection property' syntax in HQL/JPQL query [t.blogs.size]; use collection function syntax instead [size(t.blogs)].
2020-08-01 15:07:23.395  INFO 19448 --- [http-nio-8081-exec-1] com.yw.blog.aspect.LogAspect             : Result:index
2020-08-01 15:07:24.836  INFO 19448 --- [http-nio-8081-exec-4] com.yw.blog.aspect.LogAspect             : Request:RequestLog{url='http://localhost:8081/voteload', ip='0:0:0:0:0:0:0:1', classMethod='com.yw.blog.web.IndexController.voteLoad', args=[{}, org.apache.catalina.connector.RequestFacade@1776eede]}
2020-08-01 15:07:24.872 ERROR 19448 --- [http-nio-8081-exec-4] c.y.b.h.ControllerExceptionHandler       : Request URL:http://localhost:8081/voteload, Exception:java.lang.IndexOutOfBoundsException: Index: 0, Size: 0, test:class com.yw.blog.handler.ControllerExceptionHandler
2020-08-01 15:07:24.873  WARN 19448 --- [http-nio-8081-exec-4] .m.m.a.ExceptionHandlerExceptionResolver : Resolved [java.lang.IndexOutOfBoundsException: Index: 0, Size: 0]
2020-08-01 15:07:29.604  INFO 19448 --- [http-nio-8081-exec-5] com.yw.blog.aspect.LogAspect             : Request:RequestLog{url='http://localhost:8081/voteload', ip='0:0:0:0:0:0:0:1', classMethod='com.yw.blog.web.IndexController.voteLoad', args=[{}, org.apache.catalina.connector.RequestFacade@643ac5d9]}
2020-08-01 15:07:29.611 ERROR 19448 --- [http-nio-8081-exec-5] c.y.b.h.ControllerExceptionHandler       : Request URL:http://localhost:8081/voteload, Exception:java.lang.IndexOutOfBoundsException: Index: 0, Size: 0, test:class com.yw.blog.handler.ControllerExceptionHandler
2020-08-01 15:07:29.612  WARN 19448 --- [http-nio-8081-exec-5] .m.m.a.ExceptionHandlerExceptionResolver : Resolved [java.lang.IndexOutOfBoundsException: Index: 0, Size: 0]
2020-08-01 15:07:34.726  INFO 19448 --- [http-nio-8081-exec-3] com.yw.blog.aspect.LogAspect             : Request:RequestLog{url='http://localhost:8081/voteload', ip='0:0:0:0:0:0:0:1', classMethod='com.yw.blog.web.IndexController.voteLoad', args=[{}, org.apache.catalina.connector.RequestFacade@511d04f4]}
2020-08-01 15:07:34.733 ERROR 19448 --- [http-nio-8081-exec-3] c.y.b.h.ControllerExceptionHandler       : Request URL:http://localhost:8081/voteload, Exception:java.lang.IndexOutOfBoundsException: Index: 0, Size: 0, test:class com.yw.blog.handler.ControllerExceptionHandler
2020-08-01 15:07:34.735  WARN 19448 --- [http-nio-8081-exec-3] .m.m.a.ExceptionHandlerExceptionResolver : Resolved [java.lang.IndexOutOfBoundsException: Index: 0, Size: 0]
2020-08-01 15:09:10.922  INFO 13284 --- [main] com.yw.blog.BlogApplicationTests         : Starting BlogApplicationTests on WINDOWS-BT0DSBF with PID 13284 (started by ycele in E:\tmp\blog)
2020-08-01 15:09:10.925  INFO 13284 --- [main] com.yw.blog.BlogApplicationTests         : The following profiles are active: pro
2020-08-01 15:09:15.186  WARN 13284 --- [main] JpaBaseConfiguration$JpaWebConfiguration : spring.jpa.open-in-view is enabled by default. Therefore, database queries may be performed during view rendering. Explicitly configure spring.jpa.open-in-view to disable this warning
2020-08-01 15:09:21.128  INFO 13284 --- [main] com.yw.blog.BlogApplicationTests         : Started BlogApplicationTests in 11.519 seconds (JVM running for 14.034)
2020-08-01 15:19:51.879  INFO 9492 --- [main] com.yw.blog.BlogApplicationTests         : Starting BlogApplicationTests on WINDOWS-BT0DSBF with PID 9492 (started by ycele in E:\tmp\blog)
2020-08-01 15:19:51.880  INFO 9492 --- [main] com.yw.blog.BlogApplicationTests         : The following profiles are active: pro
2020-08-01 15:19:56.062  WARN 9492 --- [main] JpaBaseConfiguration$JpaWebConfiguration : spring.jpa.open-in-view is enabled by default. Therefore, database queries may be performed during view rendering. Explicitly configure spring.jpa.open-in-view to disable this warning
2020-08-01 15:20:02.889  INFO 9492 --- [main] com.yw.blog.BlogApplicationTests         : Started BlogApplicationTests in 11.858 seconds (JVM running for 13.449)
2020-08-01 15:30:13.422  INFO 13888 --- [restartedMain] com.yw.blog.BlogApplication              : Starting BlogApplication on WINDOWS-BT0DSBF with PID 13888 (E:\tmp\blog\target\classes started by ycele in E:\tmp\blog)
2020-08-01 15:30:13.428  INFO 13888 --- [restartedMain] com.yw.blog.BlogApplication              : The following profiles are active: pro
2020-08-01 15:30:16.985  WARN 13888 --- [restartedMain] JpaBaseConfiguration$JpaWebConfiguration : spring.jpa.open-in-view is enabled by default. Therefore, database queries may be performed during view rendering. Explicitly configure spring.jpa.open-in-view to disable this warning
2020-08-01 15:30:20.917  INFO 13888 --- [restartedMain] com.yw.blog.BlogApplication              : Started BlogApplication in 8.464 seconds (JVM running for 10.121)
2020-08-01 15:30:23.165  INFO 13888 --- [http-nio-8081-exec-1] com.yw.blog.aspect.LogAspect             : Request:RequestLog{url='http://localhost:8081/', ip='0:0:0:0:0:0:0:1', classMethod='com.yw.blog.web.IndexController.index', args=[Page request [number: 0, size 5, sort: updateTime: DESC], {}]}
2020-08-01 15:30:23.280  WARN 13888 --- [http-nio-8081-exec-1] org.hibernate.orm.deprecation            : HHH90000016: Found use of deprecated 'collection property' syntax in HQL/JPQL query [t.blogs.size]; use collection function syntax instead [size(t.blogs)].
2020-08-01 15:30:23.290  WARN 13888 --- [http-nio-8081-exec-1] org.hibernate.orm.deprecation            : HHH90000016: Found use of deprecated 'collection property' syntax in HQL/JPQL query [t.blogs.size]; use collection function syntax instead [size(t.blogs)].
2020-08-01 15:30:23.299  INFO 13888 --- [http-nio-8081-exec-1] com.yw.blog.aspect.LogAspect             : Result:index
2020-08-01 15:30:24.689  INFO 13888 --- [http-nio-8081-exec-2] com.yw.blog.aspect.LogAspect             : Request:RequestLog{url='http://localhost:8081/voteload', ip='0:0:0:0:0:0:0:1', classMethod='com.yw.blog.web.IndexController.voteLoad', args=[{}, org.apache.catalina.connector.RequestFacade@6858a650]}
2020-08-01 15:30:24.720 ERROR 13888 --- [http-nio-8081-exec-2] c.y.b.h.ControllerExceptionHandler       : Request URL:http://localhost:8081/voteload, Exception:java.lang.IndexOutOfBoundsException: Index: 0, Size: 0, test:class com.yw.blog.handler.ControllerExceptionHandler
2020-08-01 15:30:24.721  WARN 13888 --- [http-nio-8081-exec-2] .m.m.a.ExceptionHandlerExceptionResolver : Resolved [java.lang.IndexOutOfBoundsException: Index: 0, Size: 0]
2020-08-01 15:30:31.545  INFO 13888 --- [http-nio-8081-exec-4] com.yw.blog.aspect.LogAspect             : Request:RequestLog{url='http://localhost:8081/voteload', ip='0:0:0:0:0:0:0:1', classMethod='com.yw.blog.web.IndexController.voteLoad', args=[{}, org.apache.catalina.connector.RequestFacade@6858a650]}
2020-08-01 15:30:31.553 ERROR 13888 --- [http-nio-8081-exec-4] c.y.b.h.ControllerExceptionHandler       : Request URL:http://localhost:8081/voteload, Exception:java.lang.IndexOutOfBoundsException: Index: 0, Size: 0, test:class com.yw.blog.handler.ControllerExceptionHandler
2020-08-01 15:30:31.554  WARN 13888 --- [http-nio-8081-exec-4] .m.m.a.ExceptionHandlerExceptionResolver : Resolved [java.lang.IndexOutOfBoundsException: Index: 0, Size: 0]
2020-08-01 15:30:34.127  INFO 13888 --- [http-nio-8081-exec-9] com.yw.blog.aspect.LogAspect             : Request:RequestLog{url='http://localhost:8081/users', ip='0:0:0:0:0:0:0:1', classMethod='com.yw.blog.web.VisitorController.vLoginPage', args=[]}
2020-08-01 15:30:34.137  INFO 13888 --- [http-nio-8081-exec-9] com.yw.blog.aspect.LogAspect             : Result:/visitorlogin
2020-08-01 15:30:34.607  INFO 13888 --- [http-nio-8081-exec-6] com.yw.blog.aspect.LogAspect             : Request:RequestLog{url='http://localhost:8081/voteload', ip='0:0:0:0:0:0:0:1', classMethod='com.yw.blog.web.IndexController.voteLoad', args=[{}, org.apache.catalina.connector.RequestFacade@6858a650]}
2020-08-01 15:30:34.613 ERROR 13888 --- [http-nio-8081-exec-6] c.y.b.h.ControllerExceptionHandler       : Request URL:http://localhost:8081/voteload, Exception:java.lang.IndexOutOfBoundsException: Index: 0, Size: 0, test:class com.yw.blog.handler.ControllerExceptionHandler
2020-08-01 15:30:34.613  WARN 13888 --- [http-nio-8081-exec-6] .m.m.a.ExceptionHandlerExceptionResolver : Resolved [java.lang.IndexOutOfBoundsException: Index: 0, Size: 0]
2020-08-01 15:30:37.844  INFO 13888 --- [http-nio-8081-exec-8] com.yw.blog.aspect.LogAspect             : Request:RequestLog{url='http://localhost:8081/signup', ip='0:0:0:0:0:0:0:1', classMethod='com.yw.blog.web.VisitorController.signUpPage', args=[]}
2020-08-01 15:30:37.847  INFO 13888 --- [http-nio-8081-exec-8] com.yw.blog.aspect.LogAspect             : Result:/signup
2020-08-01 15:30:38.358  INFO 13888 --- [http-nio-8081-exec-2] com.yw.blog.aspect.LogAspect             : Request:RequestLog{url='http://localhost:8081/voteload', ip='0:0:0:0:0:0:0:1', classMethod='com.yw.blog.web.IndexController.voteLoad', args=[{}, org.apache.catalina.connector.RequestFacade@6858a650]}
2020-08-01 15:30:38.365 ERROR 13888 --- [http-nio-8081-exec-2] c.y.b.h.ControllerExceptionHandler       : Request URL:http://localhost:8081/voteload, Exception:java.lang.IndexOutOfBoundsException: Index: 0, Size: 0, test:class com.yw.blog.handler.ControllerExceptionHandler
2020-08-01 15:30:38.366  WARN 13888 --- [http-nio-8081-exec-2] .m.m.a.ExceptionHandlerExceptionResolver : Resolved [java.lang.IndexOutOfBoundsException: Index: 0, Size: 0]
2020-08-01 15:30:42.819  INFO 13888 --- [http-nio-8081-exec-8] com.yw.blog.aspect.LogAspect             : Request:RequestLog{url='http://localhost:8081/users', ip='0:0:0:0:0:0:0:1', classMethod='com.yw.blog.web.VisitorController.vLoginPage', args=[]}
2020-08-01 15:30:42.822  INFO 13888 --- [http-nio-8081-exec-8] com.yw.blog.aspect.LogAspect             : Result:/visitorlogin
2020-08-01 15:30:43.333  INFO 13888 --- [http-nio-8081-exec-5] com.yw.blog.aspect.LogAspect             : Request:RequestLog{url='http://localhost:8081/voteload', ip='0:0:0:0:0:0:0:1', classMethod='com.yw.blog.web.IndexController.voteLoad', args=[{}, org.apache.catalina.connector.RequestFacade@4b00143c]}
2020-08-01 15:30:43.341 ERROR 13888 --- [http-nio-8081-exec-5] c.y.b.h.ControllerExceptionHandler       : Request URL:http://localhost:8081/voteload, Exception:java.lang.IndexOutOfBoundsException: Index: 0, Size: 0, test:class com.yw.blog.handler.ControllerExceptionHandler
2020-08-01 15:30:43.341  WARN 13888 --- [http-nio-8081-exec-5] .m.m.a.ExceptionHandlerExceptionResolver : Resolved [java.lang.IndexOutOfBoundsException: Index: 0, Size: 0]
2020-08-01 15:30:45.148  INFO 13888 --- [http-nio-8081-exec-10] com.yw.blog.aspect.LogAspect             : Request:RequestLog{url='http://localhost:8081/signup', ip='0:0:0:0:0:0:0:1', classMethod='com.yw.blog.web.VisitorController.signUpPage', args=[]}
2020-08-01 15:30:45.152  INFO 13888 --- [http-nio-8081-exec-10] com.yw.blog.aspect.LogAspect             : Result:/signup
2020-08-01 15:30:45.678  INFO 13888 --- [http-nio-8081-exec-4] com.yw.blog.aspect.LogAspect             : Request:RequestLog{url='http://localhost:8081/voteload', ip='0:0:0:0:0:0:0:1', classMethod='com.yw.blog.web.IndexController.voteLoad', args=[{}, org.apache.catalina.connector.RequestFacade@41bbee15]}
2020-08-01 15:30:45.684 ERROR 13888 --- [http-nio-8081-exec-4] c.y.b.h.ControllerExceptionHandler       : Request URL:http://localhost:8081/voteload, Exception:java.lang.IndexOutOfBoundsException: Index: 0, Size: 0, test:class com.yw.blog.handler.ControllerExceptionHandler
2020-08-01 15:30:45.684  WARN 13888 --- [http-nio-8081-exec-4] .m.m.a.ExceptionHandlerExceptionResolver : Resolved [java.lang.IndexOutOfBoundsException: Index: 0, Size: 0]
2020-08-01 15:31:56.212  INFO 18968 --- [main] com.yw.blog.BlogApplicationTests         : Starting BlogApplicationTests on WINDOWS-BT0DSBF with PID 18968 (started by ycele in E:\tmp\blog)
2020-08-01 15:31:56.215  INFO 18968 --- [main] com.yw.blog.BlogApplicationTests         : The following profiles are active: pro
2020-08-01 15:32:00.995  WARN 18968 --- [main] JpaBaseConfiguration$JpaWebConfiguration : spring.jpa.open-in-view is enabled by default. Therefore, database queries may be performed during view rendering. Explicitly configure spring.jpa.open-in-view to disable this warning
2020-08-01 15:32:08.511  INFO 18968 --- [main] com.yw.blog.BlogApplicationTests         : Started BlogApplicationTests in 13.052 seconds (JVM running for 14.936)
2020-08-01 15:34:56.618  INFO 13748 --- [restartedMain] com.yw.blog.BlogApplication              : Starting BlogApplication on WINDOWS-BT0DSBF with PID 13748 (E:\tmp\blog\target\classes started by ycele in E:\tmp\blog)
2020-08-01 15:34:56.625  INFO 13748 --- [restartedMain] com.yw.blog.BlogApplication              : The following profiles are active: pro
2020-08-01 15:35:00.953  WARN 13748 --- [restartedMain] JpaBaseConfiguration$JpaWebConfiguration : spring.jpa.open-in-view is enabled by default. Therefore, database queries may be performed during view rendering. Explicitly configure spring.jpa.open-in-view to disable this warning
2020-08-01 15:35:05.285  INFO 13748 --- [http-nio-8081-exec-8] com.yw.blog.aspect.LogAspect             : Request:RequestLog{url='http://localhost:8081/voteload', ip='127.0.0.1', classMethod='com.yw.blog.web.IndexController.voteLoad', args=[{}, org.apache.catalina.connector.RequestFacade@3ed6839f]}
2020-08-01 15:35:05.408  INFO 13748 --- [restartedMain] com.yw.blog.BlogApplication              : Started BlogApplication in 9.808 seconds (JVM running for 12.374)
2020-08-01 15:35:05.469 ERROR 13748 --- [http-nio-8081-exec-8] c.y.b.h.ControllerExceptionHandler       : Request URL:http://localhost:8081/voteload, Exception:java.lang.IndexOutOfBoundsException: Index: 0, Size: 0, test:class com.yw.blog.handler.ControllerExceptionHandler
2020-08-01 15:35:05.473  WARN 13748 --- [http-nio-8081-exec-8] .m.m.a.ExceptionHandlerExceptionResolver : Resolved [java.lang.IndexOutOfBoundsException: Index: 0, Size: 0]
2020-08-01 15:35:13.128  INFO 13748 --- [http-nio-8081-exec-3] com.yw.blog.aspect.LogAspect             : Request:RequestLog{url='http://localhost:8081/users', ip='127.0.0.1', classMethod='com.yw.blog.web.VisitorController.vLoginPage', args=[]}
2020-08-01 15:35:13.135  INFO 13748 --- [http-nio-8081-exec-3] com.yw.blog.aspect.LogAspect             : Result:/visitorlogin
2020-08-01 15:35:15.526  INFO 13748 --- [http-nio-8081-exec-3] com.yw.blog.aspect.LogAspect             : Request:RequestLog{url='http://localhost:8081/voteload', ip='127.0.0.1', classMethod='com.yw.blog.web.IndexController.voteLoad', args=[{}, org.apache.catalina.connector.RequestFacade@3ed6839f]}
2020-08-01 15:35:15.536 ERROR 13748 --- [http-nio-8081-exec-3] c.y.b.h.ControllerExceptionHandler       : Request URL:http://localhost:8081/voteload, Exception:java.lang.IndexOutOfBoundsException: Index: 0, Size: 0, test:class com.yw.blog.handler.ControllerExceptionHandler
2020-08-01 15:35:15.536  WARN 13748 --- [http-nio-8081-exec-3] .m.m.a.ExceptionHandlerExceptionResolver : Resolved [java.lang.IndexOutOfBoundsException: Index: 0, Size: 0]
2020-08-01 15:35:18.918  INFO 13748 --- [http-nio-8081-exec-2] com.yw.blog.aspect.LogAspect             : Request:RequestLog{url='http://localhost:8081/voteload', ip='127.0.0.1', classMethod='com.yw.blog.web.IndexController.voteLoad', args=[{}, org.apache.catalina.connector.RequestFacade@4d3831d6]}
2020-08-01 15:35:18.924 ERROR 13748 --- [http-nio-8081-exec-2] c.y.b.h.ControllerExceptionHandler       : Request URL:http://localhost:8081/voteload, Exception:java.lang.IndexOutOfBoundsException: Index: 0, Size: 0, test:class com.yw.blog.handler.ControllerExceptionHandler
2020-08-01 15:35:18.925  WARN 13748 --- [http-nio-8081-exec-2] .m.m.a.ExceptionHandlerExceptionResolver : Resolved [java.lang.IndexOutOfBoundsException: Index: 0, Size: 0]
2020-08-01 15:35:20.234  INFO 13748 --- [http-nio-8081-exec-10] com.yw.blog.aspect.LogAspect             : Request:RequestLog{url='http://localhost:8081/signup', ip='127.0.0.1', classMethod='com.yw.blog.web.VisitorController.signUpPage', args=[]}
2020-08-01 15:35:20.235  INFO 13748 --- [http-nio-8081-exec-10] com.yw.blog.aspect.LogAspect             : Result:/signup
2020-08-01 15:35:20.780  INFO 13748 --- [http-nio-8081-exec-7] com.yw.blog.aspect.LogAspect             : Request:RequestLog{url='http://localhost:8081/voteload', ip='127.0.0.1', classMethod='com.yw.blog.web.IndexController.voteLoad', args=[{}, org.apache.catalina.connector.RequestFacade@616cb614]}
2020-08-01 15:35:20.786 ERROR 13748 --- [http-nio-8081-exec-7] c.y.b.h.ControllerExceptionHandler       : Request URL:http://localhost:8081/voteload, Exception:java.lang.IndexOutOfBoundsException: Index: 0, Size: 0, test:class com.yw.blog.handler.ControllerExceptionHandler
2020-08-01 15:35:20.786  WARN 13748 --- [http-nio-8081-exec-7] .m.m.a.ExceptionHandlerExceptionResolver : Resolved [java.lang.IndexOutOfBoundsException: Index: 0, Size: 0]
2020-08-01 15:35:22.323  INFO 13748 --- [http-nio-8081-exec-10] com.yw.blog.aspect.LogAspect             : Request:RequestLog{url='http://localhost:8081/voteload', ip='127.0.0.1', classMethod='com.yw.blog.web.IndexController.voteLoad', args=[{}, org.apache.catalina.connector.RequestFacade@4d3831d6]}
2020-08-01 15:35:22.331 ERROR 13748 --- [http-nio-8081-exec-10] c.y.b.h.ControllerExceptionHandler       : Request URL:http://localhost:8081/voteload, Exception:java.lang.IndexOutOfBoundsException: Index: 0, Size: 0, test:class com.yw.blog.handler.ControllerExceptionHandler
2020-08-01 15:35:22.331  WARN 13748 --- [http-nio-8081-exec-10] .m.m.a.ExceptionHandlerExceptionResolver : Resolved [java.lang.IndexOutOfBoundsException: Index: 0, Size: 0]
2020-08-01 15:36:11.162  INFO 5412 --- [main] com.yw.blog.BlogApplicationTests         : Starting BlogApplicationTests on WINDOWS-BT0DSBF with PID 5412 (started by ycele in E:\tmp\blog)
2020-08-01 15:36:11.162  INFO 5412 --- [main] com.yw.blog.BlogApplicationTests         : The following profiles are active: pro
2020-08-01 15:36:15.268  WARN 5412 --- [main] JpaBaseConfiguration$JpaWebConfiguration : spring.jpa.open-in-view is enabled by default. Therefore, database queries may be performed during view rendering. Explicitly configure spring.jpa.open-in-view to disable this warning
2020-08-01 15:36:23.499  INFO 5412 --- [main] com.yw.blog.BlogApplicationTests         : Started BlogApplicationTests in 13.232 seconds (JVM running for 15.017)
2020-08-01 15:44:21.720  INFO 13824 --- [main] com.yw.blog.BlogApplicationTests         : Starting BlogApplicationTests on WINDOWS-BT0DSBF with PID 13824 (started by ycele in E:\tmp\blog)
2020-08-01 15:44:21.722  INFO 13824 --- [main] com.yw.blog.BlogApplicationTests         : The following profiles are active: pro
2020-08-01 15:44:25.938  WARN 13824 --- [main] JpaBaseConfiguration$JpaWebConfiguration : spring.jpa.open-in-view is enabled by default. Therefore, database queries may be performed during view rendering. Explicitly configure spring.jpa.open-in-view to disable this warning
2020-08-01 15:44:32.637  INFO 13824 --- [main] com.yw.blog.BlogApplicationTests         : Started BlogApplicationTests in 11.73 seconds (JVM running for 13.333)
2020-08-01 15:46:13.560  INFO 10316 --- [main] com.yw.blog.BlogApplicationTests         : Starting BlogApplicationTests on WINDOWS-BT0DSBF with PID 10316 (started by ycele in E:\tmp\blog)
2020-08-01 15:46:13.562  INFO 10316 --- [main] com.yw.blog.BlogApplicationTests         : The following profiles are active: pro
2020-08-01 15:46:17.654  WARN 10316 --- [main] JpaBaseConfiguration$JpaWebConfiguration : spring.jpa.open-in-view is enabled by default. Therefore, database queries may be performed during view rendering. Explicitly configure spring.jpa.open-in-view to disable this warning
2020-08-01 15:46:28.396  INFO 10316 --- [main] com.yw.blog.BlogApplicationTests         : Started BlogApplicationTests in 15.679 seconds (JVM running for 17.359)
2020-08-01 15:50:10.901  INFO 10496 --- [main] com.yw.blog.BlogApplicationTests         : Starting BlogApplicationTests on WINDOWS-BT0DSBF with PID 10496 (started by ycele in E:\tmp\blog)
2020-08-01 15:50:10.901  INFO 10496 --- [main] com.yw.blog.BlogApplicationTests         : The following profiles are active: pro
2020-08-01 15:50:15.075  WARN 10496 --- [main] JpaBaseConfiguration$JpaWebConfiguration : spring.jpa.open-in-view is enabled by default. Therefore, database queries may be performed during view rendering. Explicitly configure spring.jpa.open-in-view to disable this warning
2020-08-01 15:50:21.014  INFO 10496 --- [main] com.yw.blog.BlogApplicationTests         : Started BlogApplicationTests in 10.942 seconds (JVM running for 12.826)
2020-08-01 15:52:52.444  INFO 6320 --- [main] com.yw.blog.BlogApplicationTests         : Starting BlogApplicationTests on WINDOWS-BT0DSBF with PID 6320 (started by ycele in E:\tmp\blog)
2020-08-01 15:52:52.444  INFO 6320 --- [main] com.yw.blog.BlogApplicationTests         : The following profiles are active: pro
2020-08-01 15:52:57.743  WARN 6320 --- [main] JpaBaseConfiguration$JpaWebConfiguration : spring.jpa.open-in-view is enabled by default. Therefore, database queries may be performed during view rendering. Explicitly configure spring.jpa.open-in-view to disable this warning
2020-08-01 15:53:06.260  INFO 6320 --- [main] com.yw.blog.BlogApplicationTests         : Started BlogApplicationTests in 14.602 seconds (JVM running for 16.142)
2020-08-01 16:07:38.100  INFO 9552 --- [main] com.yw.blog.BlogApplicationTests         : Starting BlogApplicationTests on WINDOWS-BT0DSBF with PID 9552 (started by ycele in E:\tmp\blog)
2020-08-01 16:07:38.101  INFO 9552 --- [main] com.yw.blog.BlogApplicationTests         : The following profiles are active: pro
2020-08-01 16:07:42.368  WARN 9552 --- [main] JpaBaseConfiguration$JpaWebConfiguration : spring.jpa.open-in-view is enabled by default. Therefore, database queries may be performed during view rendering. Explicitly configure spring.jpa.open-in-view to disable this warning
2020-08-01 16:07:48.593  INFO 9552 --- [main] com.yw.blog.BlogApplicationTests         : Started BlogApplicationTests in 11.304 seconds (JVM running for 13.046)
2020-08-01 16:10:32.220  INFO 16720 --- [main] com.yw.blog.BlogApplicationTests         : Starting BlogApplicationTests on WINDOWS-BT0DSBF with PID 16720 (started by ycele in E:\tmp\blog)
2020-08-01 16:10:32.222  INFO 16720 --- [main] com.yw.blog.BlogApplicationTests         : The following profiles are active: pro
2020-08-01 16:10:36.830  WARN 16720 --- [main] JpaBaseConfiguration$JpaWebConfiguration : spring.jpa.open-in-view is enabled by default. Therefore, database queries may be performed during view rendering. Explicitly configure spring.jpa.open-in-view to disable this warning
2020-08-01 16:10:43.335  INFO 16720 --- [main] com.yw.blog.BlogApplicationTests         : Started BlogApplicationTests in 11.969 seconds (JVM running for 13.653)
2020-08-01 16:49:09.731  INFO 14292 --- [main] com.yw.blog.BlogApplicationTests         : Starting BlogApplicationTests on WINDOWS-BT0DSBF with PID 14292 (started by ycele in E:\tmp\blog)
2020-08-01 16:49:09.732  INFO 14292 --- [main] com.yw.blog.BlogApplicationTests         : The following profiles are active: pro
2020-08-01 16:49:14.171  WARN 14292 --- [main] JpaBaseConfiguration$JpaWebConfiguration : spring.jpa.open-in-view is enabled by default. Therefore, database queries may be performed during view rendering. Explicitly configure spring.jpa.open-in-view to disable this warning
2020-08-01 16:49:18.589 ERROR 14292 --- [task-1] com.zaxxer.hikari.pool.HikariPool        : HikariPool-1 - Exception during pool initialization.

java.sql.SQLException: No timezone mapping entry for 'EDT'
	at com.mysql.cj.jdbc.exceptions.SQLError.createSQLException(SQLError.java:129)
	at com.mysql.cj.jdbc.exceptions.SQLError.createSQLException(SQLError.java:97)
	at com.mysql.cj.jdbc.exceptions.SQLError.createSQLException(SQLError.java:89)
	at com.mysql.cj.jdbc.exceptions.SQLError.createSQLException(SQLError.java:63)
	at com.mysql.cj.jdbc.exceptions.SQLError.createSQLException(SQLError.java:73)
	at com.mysql.cj.jdbc.exceptions.SQLExceptionsMapping.translateException(SQLExceptionsMapping.java:85)
	at com.mysql.cj.jdbc.ConnectionImpl.createNewIO(ConnectionImpl.java:836)
	at com.mysql.cj.jdbc.ConnectionImpl.<init>(ConnectionImpl.java:456)
	at com.mysql.cj.jdbc.ConnectionImpl.getInstance(ConnectionImpl.java:246)
	at com.mysql.cj.jdbc.NonRegisteringDriver.connect(NonRegisteringDriver.java:197)
	at com.zaxxer.hikari.util.DriverDataSource.getConnection(DriverDataSource.java:138)
	at com.zaxxer.hikari.pool.PoolBase.newConnection(PoolBase.java:358)
	at com.zaxxer.hikari.pool.PoolBase.newPoolEntry(PoolBase.java:206)
	at com.zaxxer.hikari.pool.HikariPool.createPoolEntry(HikariPool.java:477)
	at com.zaxxer.hikari.pool.HikariPool.checkFailFast(HikariPool.java:560)
	at com.zaxxer.hikari.pool.HikariPool.<init>(HikariPool.java:115)
	at com.zaxxer.hikari.HikariDataSource.getConnection(HikariDataSource.java:112)
	at org.hibernate.engine.jdbc.connections.internal.DatasourceConnectionProviderImpl.getConnection(DatasourceConnectionProviderImpl.java:122)
	at org.hibernate.engine.jdbc.env.internal.JdbcEnvironmentInitiator$ConnectionProviderJdbcConnectionAccess.obtainConnection(JdbcEnvironmentInitiator.java:180)
	at org.hibernate.engine.jdbc.env.internal.JdbcEnvironmentInitiator.initiateService(JdbcEnvironmentInitiator.java:68)
	at org.hibernate.engine.jdbc.env.internal.JdbcEnvironmentInitiator.initiateService(JdbcEnvironmentInitiator.java:35)
	at org.hibernate.boot.registry.internal.StandardServiceRegistryImpl.initiateService(StandardServiceRegistryImpl.java:101)
	at org.hibernate.service.internal.AbstractServiceRegistryImpl.createService(AbstractServiceRegistryImpl.java:263)
	at org.hibernate.service.internal.AbstractServiceRegistryImpl.initializeService(AbstractServiceRegistryImpl.java:237)
	at org.hibernate.service.internal.AbstractServiceRegistryImpl.getService(AbstractServiceRegistryImpl.java:214)
	at org.hibernate.id.factory.internal.DefaultIdentifierGeneratorFactory.injectServices(DefaultIdentifierGeneratorFactory.java:152)
	at org.hibernate.service.internal.AbstractServiceRegistryImpl.injectDependencies(AbstractServiceRegistryImpl.java:286)
	at org.hibernate.service.internal.AbstractServiceRegistryImpl.initializeService(AbstractServiceRegistryImpl.java:243)
	at org.hibernate.service.internal.AbstractServiceRegistryImpl.getService(AbstractServiceRegistryImpl.java:214)
	at org.hibernate.boot.internal.InFlightMetadataCollectorImpl.<init>(InFlightMetadataCollectorImpl.java:176)
	at org.hibernate.boot.model.process.spi.MetadataBuildingProcess.complete(MetadataBuildingProcess.java:118)
	at org.hibernate.jpa.boot.internal.EntityManagerFactoryBuilderImpl.metadata(EntityManagerFactoryBuilderImpl.java:1224)
	at org.hibernate.jpa.boot.internal.EntityManagerFactoryBuilderImpl.build(EntityManagerFactoryBuilderImpl.java:1255)
	at org.springframework.orm.jpa.vendor.SpringHibernateJpaPersistenceProvider.createContainerEntityManagerFactory(SpringHibernateJpaPersistenceProvider.java:58)
	at org.springframework.orm.jpa.LocalContainerEntityManagerFactoryBean.createNativeEntityManagerFactory(LocalContainerEntityManagerFactoryBean.java:365)
	at org.springframework.orm.jpa.AbstractEntityManagerFactoryBean.buildNativeEntityManagerFactory(AbstractEntityManagerFactoryBean.java:391)
	at java.util.concurrent.FutureTask.run(FutureTask.java:266)
	at java.util.concurrent.ThreadPoolExecutor.runWorker(ThreadPoolExecutor.java:1149)
	at java.util.concurrent.ThreadPoolExecutor$Worker.run(ThreadPoolExecutor.java:624)
	at java.lang.Thread.run(Thread.java:748)
Caused by: com.mysql.cj.exceptions.WrongArgumentException: No timezone mapping entry for 'EDT'
	at sun.reflect.NativeConstructorAccessorImpl.newInstance0(Native Method)
	at sun.reflect.NativeConstructorAccessorImpl.newInstance(NativeConstructorAccessorImpl.java:62)
	at sun.reflect.DelegatingConstructorAccessorImpl.newInstance(DelegatingConstructorAccessorImpl.java:45)
	at java.lang.reflect.Constructor.newInstance(Constructor.java:423)
	at com.mysql.cj.exceptions.ExceptionFactory.createException(ExceptionFactory.java:61)
	at com.mysql.cj.exceptions.ExceptionFactory.createException(ExceptionFactory.java:85)
	at com.mysql.cj.protocol.a.NativeProtocol.configureTimezone(NativeProtocol.java:2134)
	at com.mysql.cj.protocol.a.NativeProtocol.initServerSession(NativeProtocol.java:2143)
	at com.mysql.cj.jdbc.ConnectionImpl.initializePropsFromServer(ConnectionImpl.java:1310)
	at com.mysql.cj.jdbc.ConnectionImpl.connectOneTryOnly(ConnectionImpl.java:967)
	at com.mysql.cj.jdbc.ConnectionImpl.createNewIO(ConnectionImpl.java:826)
	... 33 common frames omitted

2020-08-01 16:49:18.652  WARN 14292 --- [task-1] o.h.e.j.e.i.JdbcEnvironmentInitiator     : HHH000342: Could not obtain connection to query metadata : No timezone mapping entry for 'EDT'
2020-08-01 16:49:23.155  INFO 14292 --- [main] com.yw.blog.BlogApplicationTests         : Started BlogApplicationTests in 14.249 seconds (JVM running for 15.876)
2020-08-01 16:50:01.104  INFO 10008 --- [main] com.yw.blog.BlogApplicationTests         : Starting BlogApplicationTests on WINDOWS-BT0DSBF with PID 10008 (started by ycele in E:\tmp\blog)
2020-08-01 16:50:01.106  INFO 10008 --- [main] com.yw.blog.BlogApplicationTests         : The following profiles are active: pro
2020-08-01 16:50:05.942  WARN 10008 --- [main] JpaBaseConfiguration$JpaWebConfiguration : spring.jpa.open-in-view is enabled by default. Therefore, database queries may be performed during view rendering. Explicitly configure spring.jpa.open-in-view to disable this warning
2020-08-01 16:50:09.678 ERROR 10008 --- [task-1] com.zaxxer.hikari.pool.HikariPool        : HikariPool-1 - Exception during pool initialization.

java.sql.SQLException: No timezone mapping entry for 'EDT'
	at com.mysql.cj.jdbc.exceptions.SQLError.createSQLException(SQLError.java:129)
	at com.mysql.cj.jdbc.exceptions.SQLError.createSQLException(SQLError.java:97)
	at com.mysql.cj.jdbc.exceptions.SQLError.createSQLException(SQLError.java:89)
	at com.mysql.cj.jdbc.exceptions.SQLError.createSQLException(SQLError.java:63)
	at com.mysql.cj.jdbc.exceptions.SQLError.createSQLException(SQLError.java:73)
	at com.mysql.cj.jdbc.exceptions.SQLExceptionsMapping.translateException(SQLExceptionsMapping.java:85)
	at com.mysql.cj.jdbc.ConnectionImpl.createNewIO(ConnectionImpl.java:836)
	at com.mysql.cj.jdbc.ConnectionImpl.<init>(ConnectionImpl.java:456)
	at com.mysql.cj.jdbc.ConnectionImpl.getInstance(ConnectionImpl.java:246)
	at com.mysql.cj.jdbc.NonRegisteringDriver.connect(NonRegisteringDriver.java:197)
	at com.zaxxer.hikari.util.DriverDataSource.getConnection(DriverDataSource.java:138)
	at com.zaxxer.hikari.pool.PoolBase.newConnection(PoolBase.java:358)
	at com.zaxxer.hikari.pool.PoolBase.newPoolEntry(PoolBase.java:206)
	at com.zaxxer.hikari.pool.HikariPool.createPoolEntry(HikariPool.java:477)
	at com.zaxxer.hikari.pool.HikariPool.checkFailFast(HikariPool.java:560)
	at com.zaxxer.hikari.pool.HikariPool.<init>(HikariPool.java:115)
	at com.zaxxer.hikari.HikariDataSource.getConnection(HikariDataSource.java:112)
	at org.hibernate.engine.jdbc.connections.internal.DatasourceConnectionProviderImpl.getConnection(DatasourceConnectionProviderImpl.java:122)
	at org.hibernate.engine.jdbc.env.internal.JdbcEnvironmentInitiator$ConnectionProviderJdbcConnectionAccess.obtainConnection(JdbcEnvironmentInitiator.java:180)
	at org.hibernate.engine.jdbc.env.internal.JdbcEnvironmentInitiator.initiateService(JdbcEnvironmentInitiator.java:68)
	at org.hibernate.engine.jdbc.env.internal.JdbcEnvironmentInitiator.initiateService(JdbcEnvironmentInitiator.java:35)
	at org.hibernate.boot.registry.internal.StandardServiceRegistryImpl.initiateService(StandardServiceRegistryImpl.java:101)
	at org.hibernate.service.internal.AbstractServiceRegistryImpl.createService(AbstractServiceRegistryImpl.java:263)
	at org.hibernate.service.internal.AbstractServiceRegistryImpl.initializeService(AbstractServiceRegistryImpl.java:237)
	at org.hibernate.service.internal.AbstractServiceRegistryImpl.getService(AbstractServiceRegistryImpl.java:214)
	at org.hibernate.id.factory.internal.DefaultIdentifierGeneratorFactory.injectServices(DefaultIdentifierGeneratorFactory.java:152)
	at org.hibernate.service.internal.AbstractServiceRegistryImpl.injectDependencies(AbstractServiceRegistryImpl.java:286)
	at org.hibernate.service.internal.AbstractServiceRegistryImpl.initializeService(AbstractServiceRegistryImpl.java:243)
	at org.hibernate.service.internal.AbstractServiceRegistryImpl.getService(AbstractServiceRegistryImpl.java:214)
	at org.hibernate.boot.internal.InFlightMetadataCollectorImpl.<init>(InFlightMetadataCollectorImpl.java:176)
	at org.hibernate.boot.model.process.spi.MetadataBuildingProcess.complete(MetadataBuildingProcess.java:118)
	at org.hibernate.jpa.boot.internal.EntityManagerFactoryBuilderImpl.metadata(EntityManagerFactoryBuilderImpl.java:1224)
	at org.hibernate.jpa.boot.internal.EntityManagerFactoryBuilderImpl.build(EntityManagerFactoryBuilderImpl.java:1255)
	at org.springframework.orm.jpa.vendor.SpringHibernateJpaPersistenceProvider.createContainerEntityManagerFactory(SpringHibernateJpaPersistenceProvider.java:58)
	at org.springframework.orm.jpa.LocalContainerEntityManagerFactoryBean.createNativeEntityManagerFactory(LocalContainerEntityManagerFactoryBean.java:365)
	at org.springframework.orm.jpa.AbstractEntityManagerFactoryBean.buildNativeEntityManagerFactory(AbstractEntityManagerFactoryBean.java:391)
	at java.util.concurrent.FutureTask.run(FutureTask.java:266)
	at java.util.concurrent.ThreadPoolExecutor.runWorker(ThreadPoolExecutor.java:1149)
	at java.util.concurrent.ThreadPoolExecutor$Worker.run(ThreadPoolExecutor.java:624)
	at java.lang.Thread.run(Thread.java:748)
Caused by: com.mysql.cj.exceptions.WrongArgumentException: No timezone mapping entry for 'EDT'
	at sun.reflect.NativeConstructorAccessorImpl.newInstance0(Native Method)
	at sun.reflect.NativeConstructorAccessorImpl.newInstance(NativeConstructorAccessorImpl.java:62)
	at sun.reflect.DelegatingConstructorAccessorImpl.newInstance(DelegatingConstructorAccessorImpl.java:45)
	at java.lang.reflect.Constructor.newInstance(Constructor.java:423)
	at com.mysql.cj.exceptions.ExceptionFactory.createException(ExceptionFactory.java:61)
	at com.mysql.cj.exceptions.ExceptionFactory.createException(ExceptionFactory.java:85)
	at com.mysql.cj.protocol.a.NativeProtocol.configureTimezone(NativeProtocol.java:2134)
	at com.mysql.cj.protocol.a.NativeProtocol.initServerSession(NativeProtocol.java:2143)
	at com.mysql.cj.jdbc.ConnectionImpl.initializePropsFromServer(ConnectionImpl.java:1310)
	at com.mysql.cj.jdbc.ConnectionImpl.connectOneTryOnly(ConnectionImpl.java:967)
	at com.mysql.cj.jdbc.ConnectionImpl.createNewIO(ConnectionImpl.java:826)
	... 33 common frames omitted

2020-08-01 16:50:09.700  WARN 10008 --- [task-1] o.h.e.j.e.i.JdbcEnvironmentInitiator     : HHH000342: Could not obtain connection to query metadata : No timezone mapping entry for 'EDT'
2020-08-01 16:50:12.955  INFO 10008 --- [main] com.yw.blog.BlogApplicationTests         : Started BlogApplicationTests in 12.685 seconds (JVM running for 14.169)
2020-08-01 16:55:48.171  INFO 8580 --- [main] com.yw.blog.BlogApplicationTests         : Starting BlogApplicationTests on WINDOWS-BT0DSBF with PID 8580 (started by ycele in E:\tmp\blog)
2020-08-01 16:55:48.173  INFO 8580 --- [main] com.yw.blog.BlogApplicationTests         : The following profiles are active: pro
2020-08-01 16:55:54.471  WARN 8580 --- [main] JpaBaseConfiguration$JpaWebConfiguration : spring.jpa.open-in-view is enabled by default. Therefore, database queries may be performed during view rendering. Explicitly configure spring.jpa.open-in-view to disable this warning
2020-08-01 16:56:00.918  INFO 8580 --- [main] com.yw.blog.BlogApplicationTests         : Started BlogApplicationTests in 13.699 seconds (JVM running for 15.929)
2020-08-01 17:53:28.030  INFO 14964 --- [restartedMain] com.yw.blog.BlogApplication              : Starting BlogApplication on WINDOWS-BT0DSBF with PID 14964 (E:\tmp\blog\target\classes started by ycele in E:\tmp\blog)
2020-08-01 17:53:28.040  INFO 14964 --- [restartedMain] com.yw.blog.BlogApplication              : The following profiles are active: pro
2020-08-01 17:53:30.655  WARN 14964 --- [restartedMain] JpaBaseConfiguration$JpaWebConfiguration : spring.jpa.open-in-view is enabled by default. Therefore, database queries may be performed during view rendering. Explicitly configure spring.jpa.open-in-view to disable this warning
2020-08-01 17:53:33.380  INFO 14964 --- [restartedMain] com.yw.blog.BlogApplication              : Started BlogApplication in 6.466 seconds (JVM running for 8.612)
2020-08-01 17:54:02.223  INFO 11988 --- [main] com.yw.blog.BlogApplicationTests         : Starting BlogApplicationTests on WINDOWS-BT0DSBF with PID 11988 (started by ycele in E:\tmp\blog)
2020-08-01 17:54:02.223  INFO 11988 --- [main] com.yw.blog.BlogApplicationTests         : The following profiles are active: pro
2020-08-01 17:54:06.295  WARN 11988 --- [main] JpaBaseConfiguration$JpaWebConfiguration : spring.jpa.open-in-view is enabled by default. Therefore, database queries may be performed during view rendering. Explicitly configure spring.jpa.open-in-view to disable this warning
2020-08-01 17:54:12.777  INFO 11988 --- [main] com.yw.blog.BlogApplicationTests         : Started BlogApplicationTests in 11.35 seconds (JVM running for 12.947)
